<?xml version="1.0" encoding="UTF-8"?>
<!-- Generated by org.testng.reporters.JUnitReportReporter -->
<testsuite skipped="0" hostname="VIGYAN-L-PC2" name="mavenproject.Test_ng" tests="1" failures="0" timestamp="2019-11-06T12:44:20 IST" time="0.031" errors="0">
  <testcase name="m2" time="0.031" classname="mavenproject.Test_ng"/>
</testsuite> <!-- mavenproject.Test_ng -->
